Mon May 18 16:32:10 2009:18477 src/schema.cpp:123 void parseTable(Schema*, QDomElement, QMap<QString, QList<QDomElement> >*, bool, QList<TableSchema*>*):Adding new table: AbDownloadStat className: AbDownloadStat
Mon May 18 16:32:10 2009:18477 src/schema.cpp:123 void parseTable(Schema*, QDomElement, QMap<QString, QList<QDomElement> >*, bool, QList<TableSchema*>*):Adding new table: Annotation className: Annotation
Mon May 18 16:32:10 2009:18477 src/schema.cpp:123 void parseTable(Schema*, QDomElement, QMap<QString, QList<QDomElement> >*, bool, QList<TableSchema*>*):Adding new table: AssetProperty className: AssetProperty
Mon May 18 16:32:10 2009:18477 src/schema.cpp:123 void parseTable(Schema*, QDomElement, QMap<QString, QList<QDomElement> >*, bool, QList<TableSchema*>*):Adding new table: AssetTemplate className: AssetTemplate
Mon May 18 16:32:10 2009:18477 src/schema.cpp:123 void parseTable(Schema*, QDomElement, QMap<QString, QList<QDomElement> >*, bool, QList<TableSchema*>*):Adding new table: Calendar className: Calendar
Mon May 18 16:32:11 2009:18477 src/schema.cpp:123 void parseTable(Schema*, QDomElement, QMap<QString, QList<QDomElement> >*, bool, QList<TableSchema*>*):Adding new table: CalendarCategory className: CalendarCategory
Mon May 18 16:32:11 2009:18477 src/schema.cpp:123 void parseTable(Schema*, QDomElement, QMap<QString, QList<QDomElement> >*, bool, QList<TableSchema*>*):Adding new table: CheckListItem className: CheckListItem
Mon May 18 16:32:11 2009:18477 src/schema.cpp:123 void parseTable(Schema*, QDomElement, QMap<QString, QList<QDomElement> >*, bool, QList<TableSchema*>*):Adding new table: CheckListStatus className: CheckListStatus
Mon May 18 16:32:11 2009:18477 src/schema.cpp:123 void parseTable(Schema*, QDomElement, QMap<QString, QList<QDomElement> >*, bool, QList<TableSchema*>*):Adding new table: Client className: Client
Mon May 18 16:32:11 2009:18477 src/schema.cpp:123 void parseTable(Schema*, QDomElement, QMap<QString, QList<QDomElement> >*, bool, QList<TableSchema*>*):Adding new table: Config className: Config
Mon May 18 16:32:11 2009:18477 src/schema.cpp:123 void parseTable(Schema*, QDomElement, QMap<QString, QList<QDomElement> >*, bool, QList<TableSchema*>*):Adding new table: DeliveryElement className: DeliveryElement
Mon May 18 16:32:11 2009:18477 src/schema.cpp:123 void parseTable(Schema*, QDomElement, QMap<QString, QList<QDomElement> >*, bool, QList<TableSchema*>*):Adding new table: DiskImage className: DiskImage
Mon May 18 16:32:11 2009:18477 src/schema.cpp:123 void parseTable(Schema*, QDomElement, QMap<QString, QList<QDomElement> >*, bool, QList<TableSchema*>*):Adding new table: Element className: Element
Mon May 18 16:32:11 2009:18477 src/tableschema.cpp:287 Field* TableSchema::field(const QString&, bool):TableSchema Element Couldn't find field: mDaysEstimatedCache
Mon May 18 16:32:11 2009:18477 src/tableschema.cpp:287 Field* TableSchema::field(const QString&, bool):TableSchema Element Couldn't find field: mDaysScheduledCache
Mon May 18 16:32:11 2009:18477 src/tableschema.cpp:287 Field* TableSchema::field(const QString&, bool):TableSchema Element Couldn't find field: mDaysSpentCache
Mon May 18 16:32:11 2009:18477 src/tableschema.cpp:287 Field* TableSchema::field(const QString&, bool):TableSchema Element Couldn't find field: mDaysSpentCache8
Mon May 18 16:32:11 2009:18477 src/tableschema.cpp:287 Field* TableSchema::field(const QString&, bool):TableSchema Element Couldn't find field: mDaysBidCache
Mon May 18 16:32:11 2009:18477 src/tableschema.cpp:287 Field* TableSchema::field(const QString&, bool):TableSchema Element Couldn't find field: mCacheValid
Mon May 18 16:32:11 2009:18477 src/tableschema.cpp:287 Field* TableSchema::field(const QString&, bool):TableSchema Element Couldn't find field: mPathCache
Mon May 18 16:32:11 2009:18477 src/tableschema.cpp:287 Field* TableSchema::field(const QString&, bool):TableSchema Element Couldn't find field: mPathCacheNumber
Mon May 18 16:32:11 2009:18477 src/schema.cpp:123 void parseTable(Schema*, QDomElement, QMap<QString, QList<QDomElement> >*, bool, QList<TableSchema*>*):Adding new table: Asset className: Asset parent: Element
Mon May 18 16:32:11 2009:18477 src/schema.cpp:123 void parseTable(Schema*, QDomElement, QMap<QString, QList<QDomElement> >*, bool, QList<TableSchema*>*):Adding new table: AssetGroup className: AssetGroup parent: Element
Mon May 18 16:32:11 2009:18477 src/schema.cpp:123 void parseTable(Schema*, QDomElement, QMap<QString, QList<QDomElement> >*, bool, QList<TableSchema*>*):Adding new table: Delivery className: Delivery parent: Element
Mon May 18 16:32:11 2009:18477 src/schema.cpp:123 void parseTable(Schema*, QDomElement, QMap<QString, QList<QDomElement> >*, bool, QList<TableSchema*>*):Adding new table: ElementDep className: ElementDep
Mon May 18 16:32:11 2009:18477 src/schema.cpp:123 void parseTable(Schema*, QDomElement, QMap<QString, QList<QDomElement> >*, bool, QList<TableSchema*>*):Adding new table: ElementStatus className: ElementStatus
Mon May 18 16:32:11 2009:18477 src/schema.cpp:123 void parseTable(Schema*, QDomElement, QMap<QString, QList<QDomElement> >*, bool, QList<TableSchema*>*):Adding new table: ElementThread className: Thread
Mon May 18 16:32:11 2009:18477 src/schema.cpp:123 void parseTable(Schema*, QDomElement, QMap<QString, QList<QDomElement> >*, bool, QList<TableSchema*>*):Adding new table: ElementType className: ElementType
Mon May 18 16:32:11 2009:18477 src/schema.cpp:123 void parseTable(Schema*, QDomElement, QMap<QString, QList<QDomElement> >*, bool, QList<TableSchema*>*):Adding new table: ElementUser className: ElementUser
Mon May 18 16:32:11 2009:18477 src/schema.cpp:123 void parseTable(Schema*, QDomElement, QMap<QString, QList<QDomElement> >*, bool, QList<TableSchema*>*):Adding new table: FileTracker className: FileTracker
Mon May 18 16:32:11 2009:18477 src/tableschema.cpp:287 Field* TableSchema::field(const QString&, bool):TableSchema FileTracker Couldn't find field: mPathCacheNumber
Mon May 18 16:32:11 2009:18477 src/tableschema.cpp:287 Field* TableSchema::field(const QString&, bool):TableSchema FileTracker Couldn't find field: mPathCache
Mon May 18 16:32:11 2009:18477 src/schema.cpp:123 void parseTable(Schema*, QDomElement, QMap<QString, QList<QDomElement> >*, bool, QList<TableSchema*>*):Adding new table: FileTrackerDep className: FileTrackerDep
Mon May 18 16:32:11 2009:18477 src/schema.cpp:123 void parseTable(Schema*, QDomElement, QMap<QString, QList<QDomElement> >*, bool, QList<TableSchema*>*):Adding new table: Graph className: Graph
Mon May 18 16:32:11 2009:18477 src/schema.cpp:123 void parseTable(Schema*, QDomElement, QMap<QString, QList<QDomElement> >*, bool, QList<TableSchema*>*):Adding new table: GraphDs className: GraphDs
Mon May 18 16:32:11 2009:18477 src/schema.cpp:123 void parseTable(Schema*, QDomElement, QMap<QString, QList<QDomElement> >*, bool, QList<TableSchema*>*):Adding new table: GraphPage className: GraphPage
Mon May 18 16:32:11 2009:18477 src/schema.cpp:123 void parseTable(Schema*, QDomElement, QMap<QString, QList<QDomElement> >*, bool, QList<TableSchema*>*):Adding new table: GraphRelationship className: GraphRelationship
Mon May 18 16:32:11 2009:18477 src/schema.cpp:123 void parseTable(Schema*, QDomElement, QMap<QString, QList<QDomElement> >*, bool, QList<TableSchema*>*):Adding new table: GridTemplate className: GridTemplate
Mon May 18 16:32:11 2009:18477 src/schema.cpp:123 void parseTable(Schema*, QDomElement, QMap<QString, QList<QDomElement> >*, bool, QList<TableSchema*>*):Adding new table: GridTemplateItem className: GridTemplateItem
Mon May 18 16:32:11 2009:18477 src/schema.cpp:123 void parseTable(Schema*, QDomElement, QMap<QString, QList<QDomElement> >*, bool, QList<TableSchema*>*):Adding new table: GroupMapping className: GroupMapping
Mon May 18 16:32:11 2009:18477 src/schema.cpp:123 void parseTable(Schema*, QDomElement, QMap<QString, QList<QDomElement> >*, bool, QList<TableSchema*>*):Adding new table: Grp className: Group
Mon May 18 16:32:11 2009:18477 src/schema.cpp:123 void parseTable(Schema*, QDomElement, QMap<QString, QList<QDomElement> >*, bool, QList<TableSchema*>*):Adding new table: GruntScript className: GruntScript
Mon May 18 16:32:11 2009:18477 src/schema.cpp:123 void parseTable(Schema*, QDomElement, QMap<QString, QList<QDomElement> >*, bool, QList<TableSchema*>*):Adding new table: History className: History
Mon May 18 16:32:11 2009:18477 src/schema.cpp:123 void parseTable(Schema*, QDomElement, QMap<QString, QList<QDomElement> >*, bool, QList<TableSchema*>*):Adding new table: Host className: Host
Mon May 18 16:32:11 2009:18477 src/schema.cpp:123 void parseTable(Schema*, QDomElement, QMap<QString, QList<QDomElement> >*, bool, QList<TableSchema*>*):Adding new table: HostDailyStat className: HostDailyStat
Mon May 18 16:32:11 2009:18477 src/schema.cpp:123 void parseTable(Schema*, QDomElement, QMap<QString, QList<QDomElement> >*, bool, QList<TableSchema*>*):Adding new table: HostGroup className: HostGroup
Mon May 18 16:32:11 2009:18477 src/schema.cpp:123 void parseTable(Schema*, QDomElement, QMap<QString, QList<QDomElement> >*, bool, QList<TableSchema*>*):Adding new table: DynamicHostGroup className: DynamicHostGroup parent: HostGroup
Mon May 18 16:32:11 2009:18477 src/schema.cpp:123 void parseTable(Schema*, QDomElement, QMap<QString, QList<QDomElement> >*, bool, QList<TableSchema*>*):Adding new table: HostGroupItem className: HostGroupItem
Mon May 18 16:32:11 2009:18477 src/schema.cpp:123 void parseTable(Schema*, QDomElement, QMap<QString, QList<QDomElement> >*, bool, QList<TableSchema*>*):Adding new table: HostHistory className: HostHistory
Mon May 18 16:32:11 2009:18477 src/schema.cpp:123 void parseTable(Schema*, QDomElement, QMap<QString, QList<QDomElement> >*, bool, QList<TableSchema*>*):Adding new table: HostInterface className: HostInterface
Mon May 18 16:32:11 2009:18477 src/schema.cpp:123 void parseTable(Schema*, QDomElement, QMap<QString, QList<QDomElement> >*, bool, QList<TableSchema*>*):Adding new table: HostInterfaceType className: HostInterfaceType
Mon May 18 16:32:11 2009:18477 src/schema.cpp:123 void parseTable(Schema*, QDomElement, QMap<QString, QList<QDomElement> >*, bool, QList<TableSchema*>*):Adding new table: HostLoad className: HostLoad
Mon May 18 16:32:11 2009:18477 src/schema.cpp:123 void parseTable(Schema*, QDomElement, QMap<QString, QList<QDomElement> >*, bool, QList<TableSchema*>*):Adding new table: HostMapping className: HostMapping
Mon May 18 16:32:11 2009:18477 src/schema.cpp:123 void parseTable(Schema*, QDomElement, QMap<QString, QList<QDomElement> >*, bool, QList<TableSchema*>*):Adding new table: HostResource className: HostResource
Mon May 18 16:32:11 2009:18477 src/schema.cpp:123 void parseTable(Schema*, QDomElement, QMap<QString, QList<QDomElement> >*, bool, QList<TableSchema*>*):Adding new table: HostService className: HostService
Mon May 18 16:32:11 2009:18477 src/schema.cpp:123 void parseTable(Schema*, QDomElement, QMap<QString, QList<QDomElement> >*, bool, QList<TableSchema*>*):Adding new table: HostSoftware className: HostSoftware
Mon May 18 16:32:11 2009:18477 src/schema.cpp:123 void parseTable(Schema*, QDomElement, QMap<QString, QList<QDomElement> >*, bool, QList<TableSchema*>*):Adding new table: HostStatus className: HostStatus
Mon May 18 16:32:11 2009:18477 src/schema.cpp:123 void parseTable(Schema*, QDomElement, QMap<QString, QList<QDomElement> >*, bool, QList<TableSchema*>*):Adding new table: Job className: Job
Mon May 18 16:32:11 2009:18477 src/schema.cpp:123 void parseTable(Schema*, QDomElement, QMap<QString, QList<QDomElement> >*, bool, QList<TableSchema*>*):Adding new table: Job3Delight className: Job3Delight parent: Job
Mon May 18 16:32:11 2009:18477 src/schema.cpp:123 void parseTable(Schema*, QDomElement, QMap<QString, QList<QDomElement> >*, bool, QList<TableSchema*>*):Adding new table: JobAfterEffects className: JobAfterEffects parent: Job
Mon May 18 16:32:11 2009:18477 src/schema.cpp:123 void parseTable(Schema*, QDomElement, QMap<QString, QList<QDomElement> >*, bool, QList<TableSchema*>*):Adding new table: JobAfterEffects7 className: JobAfterEffects7 parent: JobAfterEffects
Mon May 18 16:32:11 2009:18477 src/schema.cpp:123 void parseTable(Schema*, QDomElement, QMap<QString, QList<QDomElement> >*, bool, QList<TableSchema*>*):Adding new table: JobAfterEffects8 className: JobAfterEffects8 parent: JobAfterEffects
Mon May 18 16:32:11 2009:18477 src/schema.cpp:123 void parseTable(Schema*, QDomElement, QMap<QString, QList<QDomElement> >*, bool, QList<TableSchema*>*):Adding new table: JobAssignment className: JobAssignment
Mon May 18 16:32:11 2009:18477 src/schema.cpp:123 void parseTable(Schema*, QDomElement, QMap<QString, QList<QDomElement> >*, bool, QList<TableSchema*>*):Adding new table: JobAssignmentStatus className: JobAssignmentStatus
Mon May 18 16:32:11 2009:18477 src/schema.cpp:123 void parseTable(Schema*, QDomElement, QMap<QString, QList<QDomElement> >*, bool, QList<TableSchema*>*):Adding new table: JobAutodeskBurn className: JobAutodeskBurn parent: Job
Mon May 18 16:32:11 2009:18477 src/schema.cpp:123 void parseTable(Schema*, QDomElement, QMap<QString, QList<QDomElement> >*, bool, QList<TableSchema*>*):Adding new table: JobBatch className: JobBatch parent: Job
Mon May 18 16:32:11 2009:18477 src/schema.cpp:123 void parseTable(Schema*, QDomElement, QMap<QString, QList<QDomElement> >*, bool, QList<TableSchema*>*):Adding new table: JobCannedBatch className: JobCannedBatch
Mon May 18 16:32:11 2009:18477 src/schema.cpp:123 void parseTable(Schema*, QDomElement, QMap<QString, QList<QDomElement> >*, bool, QList<TableSchema*>*):Adding new table: JobCinema4D className: JobCinema4D parent: Job
Mon May 18 16:32:11 2009:18477 src/schema.cpp:123 void parseTable(Schema*, QDomElement, QMap<QString, QList<QDomElement> >*, bool, QList<TableSchema*>*):Adding new table: JobCommandHistory className: JobCommandHistory
Mon May 18 16:32:11 2009:18477 src/schema.cpp:123 void parseTable(Schema*, QDomElement, QMap<QString, QList<QDomElement> >*, bool, QList<TableSchema*>*):Adding new table: JobDep className: JobDep
Mon May 18 16:32:11 2009:18477 src/schema.cpp:123 void parseTable(Schema*, QDomElement, QMap<QString, QList<QDomElement> >*, bool, QList<TableSchema*>*):Adding new table: JobError className: JobError
Mon May 18 16:32:11 2009:18477 src/schema.cpp:123 void parseTable(Schema*, QDomElement, QMap<QString, QList<QDomElement> >*, bool, QList<TableSchema*>*):Adding new table: JobErrorHandler className: JobErrorHandler
Mon May 18 16:32:11 2009:18477 src/schema.cpp:123 void parseTable(Schema*, QDomElement, QMap<QString, QList<QDomElement> >*, bool, QList<TableSchema*>*):Adding new table: JobErrorHandlerScript className: JobErrorHandlerScript
Mon May 18 16:32:11 2009:18477 src/schema.cpp:123 void parseTable(Schema*, QDomElement, QMap<QString, QList<QDomElement> >*, bool, QList<TableSchema*>*):Adding new table: JobFusion className: JobFusion parent: Job
Mon May 18 16:32:11 2009:18477 src/schema.cpp:123 void parseTable(Schema*, QDomElement, QMap<QString, QList<QDomElement> >*, bool, QList<TableSchema*>*):Adding new table: JobFusionVideoMaker className: JobFusionVideoMaker parent: JobFusion
Mon May 18 16:32:11 2009:18477 src/schema.cpp:123 void parseTable(Schema*, QDomElement, QMap<QString, QList<QDomElement> >*, bool, QList<TableSchema*>*):Adding new table: JobHistory className: JobHistory
Mon May 18 16:32:11 2009:18477 src/schema.cpp:123 void parseTable(Schema*, QDomElement, QMap<QString, QList<QDomElement> >*, bool, QList<TableSchema*>*):Adding new table: JobHistoryType className: JobHistoryType
Mon May 18 16:32:11 2009:18477 src/schema.cpp:123 void parseTable(Schema*, QDomElement, QMap<QString, QList<QDomElement> >*, bool, QList<TableSchema*>*):Adding new table: JobMax className: JobMax parent: Job
Mon May 18 16:32:11 2009:18477 src/schema.cpp:123 void parseTable(Schema*, QDomElement, QMap<QString, QList<QDomElement> >*, bool, QList<TableSchema*>*):Adding new table: JobMax10 className: JobMax10 parent: JobMax
Mon May 18 16:32:11 2009:18477 src/schema.cpp:123 void parseTable(Schema*, QDomElement, QMap<QString, QList<QDomElement> >*, bool, QList<TableSchema*>*):Adding new table: JobMax2009 className: JobMax2009 parent: JobMax
Mon May 18 16:32:11 2009:18477 src/schema.cpp:123 void parseTable(Schema*, QDomElement, QMap<QString, QList<QDomElement> >*, bool, QList<TableSchema*>*):Adding new table: JobMax5 className: JobMax5 parent: Job
Mon May 18 16:32:11 2009:18477 src/schema.cpp:123 void parseTable(Schema*, QDomElement, QMap<QString, QList<QDomElement> >*, bool, QList<TableSchema*>*):Adding new table: JobMax6 className: JobMax6 parent: Job
Mon May 18 16:32:11 2009:18477 src/schema.cpp:123 void parseTable(Schema*, QDomElement, QMap<QString, QList<QDomElement> >*, bool, QList<TableSchema*>*):Adding new table: JobMax7 className: JobMax7 parent: JobMax
Mon May 18 16:32:11 2009:18477 src/schema.cpp:123 void parseTable(Schema*, QDomElement, QMap<QString, QList<QDomElement> >*, bool, QList<TableSchema*>*):Adding new table: JobMax8 className: JobMax8 parent: JobMax
Mon May 18 16:32:11 2009:18477 src/schema.cpp:123 void parseTable(Schema*, QDomElement, QMap<QString, QList<QDomElement> >*, bool, QList<TableSchema*>*):Adding new table: JobMax9 className: JobMax9 parent: JobMax
Mon May 18 16:32:11 2009:18477 src/schema.cpp:123 void parseTable(Schema*, QDomElement, QMap<QString, QList<QDomElement> >*, bool, QList<TableSchema*>*):Adding new table: JobMaxScript className: JobMaxScript parent: Job
Mon May 18 16:32:11 2009:18477 src/schema.cpp:123 void parseTable(Schema*, QDomElement, QMap<QString, QList<QDomElement> >*, bool, QList<TableSchema*>*):Adding new table: JobMaya className: JobMaya parent: Job
Mon May 18 16:32:11 2009:18477 src/schema.cpp:123 void parseTable(Schema*, QDomElement, QMap<QString, QList<QDomElement> >*, bool, QList<TableSchema*>*):Adding new table: JobMaya2008 className: JobMaya2008 parent: JobMaya
Mon May 18 16:32:11 2009:18477 src/schema.cpp:123 void parseTable(Schema*, QDomElement, QMap<QString, QList<QDomElement> >*, bool, QList<TableSchema*>*):Adding new table: JobMaya2009 className: JobMaya2009 parent: JobMaya
Mon May 18 16:32:11 2009:18477 src/schema.cpp:123 void parseTable(Schema*, QDomElement, QMap<QString, QList<QDomElement> >*, bool, QList<TableSchema*>*):Adding new table: JobMaya7 className: JobMaya7 parent: JobMaya
Mon May 18 16:32:11 2009:18477 src/schema.cpp:123 void parseTable(Schema*, QDomElement, QMap<QString, QList<QDomElement> >*, bool, QList<TableSchema*>*):Adding new table: JobMaya8 className: JobMaya8 parent: JobMaya
Mon May 18 16:32:11 2009:18477 src/schema.cpp:123 void parseTable(Schema*, QDomElement, QMap<QString, QList<QDomElement> >*, bool, QList<TableSchema*>*):Adding new table: JobMaya85 className: JobMaya85 parent: JobMaya
Mon May 18 16:32:11 2009:18477 src/schema.cpp:123 void parseTable(Schema*, QDomElement, QMap<QString, QList<QDomElement> >*, bool, QList<TableSchema*>*):Adding new table: JobMentalRay7 className: JobMentalRay7 parent: JobMaya
Mon May 18 16:32:11 2009:18477 src/schema.cpp:123 void parseTable(Schema*, QDomElement, QMap<QString, QList<QDomElement> >*, bool, QList<TableSchema*>*):Adding new table: JobMentalRay8 className: JobMentalRay8 parent: JobMaya
Mon May 18 16:32:11 2009:18477 src/schema.cpp:123 void parseTable(Schema*, QDomElement, QMap<QString, QList<QDomElement> >*, bool, QList<TableSchema*>*):Adding new table: JobMentalRay85 className: JobMentalRay85 parent: JobMaya
Mon May 18 16:32:11 2009:18477 src/schema.cpp:123 void parseTable(Schema*, QDomElement, QMap<QString, QList<QDomElement> >*, bool, QList<TableSchema*>*):Adding new table: JobNuke51 className: JobNuke51 parent: Job
Mon May 18 16:32:11 2009:18477 src/schema.cpp:123 void parseTable(Schema*, QDomElement, QMap<QString, QList<QDomElement> >*, bool, QList<TableSchema*>*):Adding new table: JobOutput className: JobOutput
Mon May 18 16:32:11 2009:18477 src/schema.cpp:123 void parseTable(Schema*, QDomElement, QMap<QString, QList<QDomElement> >*, bool, QList<TableSchema*>*):Adding new table: JobRealFlow className: JobRealFlow parent: Job
Mon May 18 16:32:11 2009:18477 src/schema.cpp:123 void parseTable(Schema*, QDomElement, QMap<QString, QList<QDomElement> >*, bool, QList<TableSchema*>*):Adding new table: JobRenderMan className: JobRenderMan parent: Job
Mon May 18 16:32:11 2009:18477 src/schema.cpp:123 void parseTable(Schema*, QDomElement, QMap<QString, QList<QDomElement> >*, bool, QList<TableSchema*>*):Adding new table: JobRibGen className: JobRibGen parent: Job
Mon May 18 16:32:11 2009:18477 src/schema.cpp:123 void parseTable(Schema*, QDomElement, QMap<QString, QList<QDomElement> >*, bool, QList<TableSchema*>*):Adding new table: JobService className: JobService
Mon May 18 16:32:11 2009:18477 src/schema.cpp:123 void parseTable(Schema*, QDomElement, QMap<QString, QList<QDomElement> >*, bool, QList<TableSchema*>*):Adding new table: JobShake className: JobShake parent: Job
Mon May 18 16:32:11 2009:18477 src/schema.cpp:123 void parseTable(Schema*, QDomElement, QMap<QString, QList<QDomElement> >*, bool, QList<TableSchema*>*):Adding new table: JobStat className: JobStat
Mon May 18 16:32:11 2009:18477 src/schema.cpp:123 void parseTable(Schema*, QDomElement, QMap<QString, QList<QDomElement> >*, bool, QList<TableSchema*>*):Adding new table: JobStatus className: JobStatus
Mon May 18 16:32:11 2009:18477 src/schema.cpp:123 void parseTable(Schema*, QDomElement, QMap<QString, QList<QDomElement> >*, bool, QList<TableSchema*>*):Adding new table: JobSync className: JobSync parent: Job
Mon May 18 16:32:11 2009:18477 src/schema.cpp:123 void parseTable(Schema*, QDomElement, QMap<QString, QList<QDomElement> >*, bool, QList<TableSchema*>*):Adding new table: JobTask className: JobTask
Mon May 18 16:32:11 2009:18477 src/schema.cpp:123 void parseTable(Schema*, QDomElement, QMap<QString, QList<QDomElement> >*, bool, QList<TableSchema*>*):Adding new table: JobTaskAssignment className: JobTaskAssignment
Mon May 18 16:32:11 2009:18477 src/schema.cpp:123 void parseTable(Schema*, QDomElement, QMap<QString, QList<QDomElement> >*, bool, QList<TableSchema*>*):Adding new table: JobType className: JobType
Mon May 18 16:32:11 2009:18477 src/schema.cpp:123 void parseTable(Schema*, QDomElement, QMap<QString, QList<QDomElement> >*, bool, QList<TableSchema*>*):Adding new table: JobTypeMapping className: JobTypeMapping
Mon May 18 16:32:11 2009:18477 src/schema.cpp:123 void parseTable(Schema*, QDomElement, QMap<QString, QList<QDomElement> >*, bool, QList<TableSchema*>*):Adding new table: JobXSI className: JobXSI parent: Job
Mon May 18 16:32:11 2009:18477 src/schema.cpp:123 void parseTable(Schema*, QDomElement, QMap<QString, QList<QDomElement> >*, bool, QList<TableSchema*>*):Adding new table: JobXSIScript className: JobXSIScript parent: Job
Mon May 18 16:32:11 2009:18477 src/schema.cpp:123 void parseTable(Schema*, QDomElement, QMap<QString, QList<QDomElement> >*, bool, QList<TableSchema*>*):Adding new table: License className: License
Mon May 18 16:32:11 2009:18477 src/schema.cpp:123 void parseTable(Schema*, QDomElement, QMap<QString, QList<QDomElement> >*, bool, QList<TableSchema*>*):Adding new table: Location className: Location
Mon May 18 16:32:11 2009:18477 src/schema.cpp:123 void parseTable(Schema*, QDomElement, QMap<QString, QList<QDomElement> >*, bool, QList<TableSchema*>*):Adding new table: Mapping className: Mapping
Mon May 18 16:32:11 2009:18477 src/schema.cpp:123 void parseTable(Schema*, QDomElement, QMap<QString, QList<QDomElement> >*, bool, QList<TableSchema*>*):Adding new table: MappingType className: MappingType
Mon May 18 16:32:11 2009:18477 src/schema.cpp:123 void parseTable(Schema*, QDomElement, QMap<QString, QList<QDomElement> >*, bool, QList<TableSchema*>*):Adding new table: Notification className: Notification
Mon May 18 16:32:11 2009:18477 src/schema.cpp:123 void parseTable(Schema*, QDomElement, QMap<QString, QList<QDomElement> >*, bool, QList<TableSchema*>*):Adding new table: NotificationDestination className: NotificationDestination
Mon May 18 16:32:11 2009:18477 src/schema.cpp:123 void parseTable(Schema*, QDomElement, QMap<QString, QList<QDomElement> >*, bool, QList<TableSchema*>*):Adding new table: NotificationMethod className: NotificationMethod
Mon May 18 16:32:11 2009:18477 src/schema.cpp:123 void parseTable(Schema*, QDomElement, QMap<QString, QList<QDomElement> >*, bool, QList<TableSchema*>*):Adding new table: NotificationRoute className: NotificationRoute
Mon May 18 16:32:11 2009:18477 src/schema.cpp:123 void parseTable(Schema*, QDomElement, QMap<QString, QList<QDomElement> >*, bool, QList<TableSchema*>*):Adding new table: PathSyncTarget className: PathSyncTarget
Mon May 18 16:32:11 2009:18477 src/schema.cpp:123 void parseTable(Schema*, QDomElement, QMap<QString, QList<QDomElement> >*, bool, QList<TableSchema*>*):Adding new table: PathTemplate className: PathTemplate
Mon May 18 16:32:11 2009:18477 src/schema.cpp:123 void parseTable(Schema*, QDomElement, QMap<QString, QList<QDomElement> >*, bool, QList<TableSchema*>*):Adding new table: PathTracker className: PathTracker
Mon May 18 16:32:11 2009:18477 src/schema.cpp:123 void parseTable(Schema*, QDomElement, QMap<QString, QList<QDomElement> >*, bool, QList<TableSchema*>*):Adding new table: Permission className: Permission
Mon May 18 16:32:11 2009:18477 src/schema.cpp:123 void parseTable(Schema*, QDomElement, QMap<QString, QList<QDomElement> >*, bool, QList<TableSchema*>*):Adding new table: PhoneNo className: PhoneNo
Mon May 18 16:32:11 2009:18477 src/schema.cpp:123 void parseTable(Schema*, QDomElement, QMap<QString, QList<QDomElement> >*, bool, QList<TableSchema*>*):Adding new table: PhoneType className: PhoneType
Mon May 18 16:32:11 2009:18477 src/schema.cpp:123 void parseTable(Schema*, QDomElement, QMap<QString, QList<QDomElement> >*, bool, QList<TableSchema*>*):Adding new table: Project className: Project parent: Element
Mon May 18 16:32:11 2009:18477 src/schema.cpp:123 void parseTable(Schema*, QDomElement, QMap<QString, QList<QDomElement> >*, bool, QList<TableSchema*>*):Adding new table: ProjectResolution className: Resolution
Mon May 18 16:32:11 2009:18477 src/schema.cpp:123 void parseTable(Schema*, QDomElement, QMap<QString, QList<QDomElement> >*, bool, QList<TableSchema*>*):Adding new table: ProjectStatus className: ProjectStatus
Mon May 18 16:32:11 2009:18477 src/schema.cpp:123 void parseTable(Schema*, QDomElement, QMap<QString, QList<QDomElement> >*, bool, QList<TableSchema*>*):Adding new table: ProjectStorage className: ProjectStorage
Mon May 18 16:32:11 2009:18477 src/schema.cpp:123 void parseTable(Schema*, QDomElement, QMap<QString, QList<QDomElement> >*, bool, QList<TableSchema*>*):Adding new table: RangeFileTracker className: RangeFileTracker parent: FileTracker
Mon May 18 16:32:11 2009:18477 src/schema.cpp:123 void parseTable(Schema*, QDomElement, QMap<QString, QList<QDomElement> >*, bool, QList<TableSchema*>*):Adding new table: Schedule className: Schedule
Mon May 18 16:32:11 2009:18477 src/schema.cpp:123 void parseTable(Schema*, QDomElement, QMap<QString, QList<QDomElement> >*, bool, QList<TableSchema*>*):Adding new table: ServerFileAction className: ServerFileAction
Mon May 18 16:32:11 2009:18477 src/schema.cpp:123 void parseTable(Schema*, QDomElement, QMap<QString, QList<QDomElement> >*, bool, QList<TableSchema*>*):Adding new table: ServerFileActionStatus className: ServerFileActionStatus
Mon May 18 16:32:11 2009:18477 src/schema.cpp:123 void parseTable(Schema*, QDomElement, QMap<QString, QList<QDomElement> >*, bool, QList<TableSchema*>*):Adding new table: ServerFileActionType className: ServerFileActionType
Mon May 18 16:32:11 2009:18477 src/schema.cpp:123 void parseTable(Schema*, QDomElement, QMap<QString, QList<QDomElement> >*, bool, QList<TableSchema*>*):Adding new table: Service className: Service
Mon May 18 16:32:11 2009:18477 src/schema.cpp:123 void parseTable(Schema*, QDomElement, QMap<QString, QList<QDomElement> >*, bool, QList<TableSchema*>*):Adding new table: Shot className: Shot parent: Element
Mon May 18 16:32:11 2009:18477 src/schema.cpp:123 void parseTable(Schema*, QDomElement, QMap<QString, QList<QDomElement> >*, bool, QList<TableSchema*>*):Adding new table: ShotGroup className: ShotGroup parent: Element
Mon May 18 16:32:11 2009:18477 src/schema.cpp:123 void parseTable(Schema*, QDomElement, QMap<QString, QList<QDomElement> >*, bool, QList<TableSchema*>*):Adding new table: Software className: Software
Mon May 18 16:32:11 2009:18477 src/schema.cpp:123 void parseTable(Schema*, QDomElement, QMap<QString, QList<QDomElement> >*, bool, QList<TableSchema*>*):Adding new table: StatusSet className: StatusSet
Mon May 18 16:32:11 2009:18477 src/schema.cpp:123 void parseTable(Schema*, QDomElement, QMap<QString, QList<QDomElement> >*, bool, QList<TableSchema*>*):Adding new table: SysLog className: SysLog
Mon May 18 16:32:11 2009:18477 src/schema.cpp:123 void parseTable(Schema*, QDomElement, QMap<QString, QList<QDomElement> >*, bool, QList<TableSchema*>*):Adding new table: SysLogRealm className: SysLogRealm
Mon May 18 16:32:11 2009:18477 src/schema.cpp:123 void parseTable(Schema*, QDomElement, QMap<QString, QList<QDomElement> >*, bool, QList<TableSchema*>*):Adding new table: SysLogSeverity className: SysLogSeverity
Mon May 18 16:32:11 2009:18477 src/schema.cpp:123 void parseTable(Schema*, QDomElement, QMap<QString, QList<QDomElement> >*, bool, QList<TableSchema*>*):Adding new table: Task className: Task parent: Element
Mon May 18 16:32:11 2009:18477 src/schema.cpp:123 void parseTable(Schema*, QDomElement, QMap<QString, QList<QDomElement> >*, bool, QList<TableSchema*>*):Adding new table: ThreadNotify className: ThreadNotify
Mon May 18 16:32:11 2009:18477 src/schema.cpp:123 void parseTable(Schema*, QDomElement, QMap<QString, QList<QDomElement> >*, bool, QList<TableSchema*>*):Adding new table: Thumbnail className: Thumbnail
Mon May 18 16:32:11 2009:18477 src/schema.cpp:123 void parseTable(Schema*, QDomElement, QMap<QString, QList<QDomElement> >*, bool, QList<TableSchema*>*):Adding new table: TimeSheet className: TimeSheet
Mon May 18 16:32:11 2009:18477 src/schema.cpp:123 void parseTable(Schema*, QDomElement, QMap<QString, QList<QDomElement> >*, bool, QList<TableSchema*>*):Adding new table: TimeSheetCategory className: AssetType
Mon May 18 16:32:11 2009:18477 src/schema.cpp:123 void parseTable(Schema*, QDomElement, QMap<QString, QList<QDomElement> >*, bool, QList<TableSchema*>*):Adding new table: Tracker className: Tracker
Mon May 18 16:32:11 2009:18477 src/schema.cpp:123 void parseTable(Schema*, QDomElement, QMap<QString, QList<QDomElement> >*, bool, QList<TableSchema*>*):Adding new table: TrackerCategory className: TrackerCategory
Mon May 18 16:32:11 2009:18477 src/schema.cpp:123 void parseTable(Schema*, QDomElement, QMap<QString, QList<QDomElement> >*, bool, QList<TableSchema*>*):Adding new table: TrackerQueue className: TrackerQueue
Mon May 18 16:32:11 2009:18477 src/schema.cpp:123 void parseTable(Schema*, QDomElement, QMap<QString, QList<QDomElement> >*, bool, QList<TableSchema*>*):Adding new table: UserElement className: UserElement
Mon May 18 16:32:11 2009:18477 src/schema.cpp:123 void parseTable(Schema*, QDomElement, QMap<QString, QList<QDomElement> >*, bool, QList<TableSchema*>*):Adding new table: UserMapping className: UserMapping
Mon May 18 16:32:11 2009:18477 src/schema.cpp:123 void parseTable(Schema*, QDomElement, QMap<QString, QList<QDomElement> >*, bool, QList<TableSchema*>*):Adding new table: UserRole className: UserRole
Mon May 18 16:32:11 2009:18477 src/schema.cpp:123 void parseTable(Schema*, QDomElement, QMap<QString, QList<QDomElement> >*, bool, QList<TableSchema*>*):Adding new table: Usr className: User parent: Element
Mon May 18 16:32:11 2009:18477 src/schema.cpp:123 void parseTable(Schema*, QDomElement, QMap<QString, QList<QDomElement> >*, bool, QList<TableSchema*>*):Adding new table: Employee className: Employee parent: Usr
Mon May 18 16:32:11 2009:18477 src/schema.cpp:123 void parseTable(Schema*, QDomElement, QMap<QString, QList<QDomElement> >*, bool, QList<TableSchema*>*):Adding new table: UsrGrp className: UserGroup
Mon May 18 16:32:11 2009:18477 src/schema.cpp:123 void parseTable(Schema*, QDomElement, QMap<QString, QList<QDomElement> >*, bool, QList<TableSchema*>*):Adding new table: VersionFileTracker className: VersionFileTracker parent: FileTracker
Mon May 18 16:32:11 2009:18477 sourcegen.cpp:677 void writeSource(Schema*, const QString&):writeSource: Writing sources to /drd/users/barry.robison/blur/branches/concurrent_burn/cpp/lib/classes
